c:\users\umar\documents\fast-nu-projects\coal - 3rd sem\lab 4\lab 3\debug\project1.exe
c:\users\umar\documents\fast-nu-projects\coal - 3rd sem\lab 4\lab 3\debug\project1.pdb
c:\users\umar\documents\fast-nu-projects\coal - 3rd sem\lab 5\lab 3\debug\project1.exe
c:\users\umar\documents\fast-nu-projects\coal - 3rd sem\lab 5\lab 3\debug\project1.pdb
c:\users\umar\documents\fast-nu-projects\coal - 3rd sem\lab 6\lab 6\debug\project1.exe
c:\users\umar\documents\fast-nu-projects\coal - 3rd sem\lab 6\lab 6\debug\project1.pdb
c:\users\umar\documents\fast-nu-projects\coal - 3rd sem\lab 7\lab 7\debug\project1.exe
c:\users\umar\documents\fast-nu-projects\coal - 3rd sem\lab 7\lab 7\debug\project1.pdb
c:\users\umar\documents\fast-nu-projects\coal - 3rd sem\lab 8\lab 7\debug\project1.exe
c:\users\umar\documents\fast-nu-projects\coal - 3rd sem\lab 8\lab 7\debug\project1.pdb
c:\users\umar\documents\fast-nu-projects\coal - 3rd sem\lab 9\lab 9\debug\project1.exe
c:\users\umar\documents\fast-nu-projects\coal - 3rd sem\lab 9\lab 9\debug\project1.pdb
c:\users\umar\documents\fast-nu-projects\coal - 3rd sem\project\project\debug\project1.exe
c:\users\umar\documents\fast-nu-projects\coal - 3rd sem\project\project\debug\project1.pdb
c:\users\umar\documents\fast-nu-projects\coal - 3rd sem\project\project\project1\debug\file2.obj
c:\users\umar\documents\fast-nu-projects\coal - 3rd sem\project\project\project1\debug\project1.ilk
c:\users\umar\documents\fast-nu-projects\coal - 3rd sem\project\project\project1\debug\file1.obj
c:\users\umar\documents\fast-nu-projects\coal - 3rd sem\project\project\project1\debug\file3.obj
c:\users\umar\documents\fast-nu-projects\coal - 3rd sem\project\project\project1\debug\project1.tlog\link.command.1.tlog
c:\users\umar\documents\fast-nu-projects\coal - 3rd sem\project\project\project1\debug\project1.tlog\link.read.1.tlog
c:\users\umar\documents\fast-nu-projects\coal - 3rd sem\project\project\project1\debug\project1.tlog\link.secondary.1.tlog
c:\users\umar\documents\fast-nu-projects\coal - 3rd sem\project\project\project1\debug\project1.tlog\link.write.1.tlog
c:\users\umar\documents\fast-nu-projects\coal - 3rd sem\project\project\project1\debug\project1.tlog\masm.read.1u.tlog
c:\users\umar\documents\fast-nu-projects\coal - 3rd sem\project\project\project1\debug\project1.tlog\masm.write.1u.tlog
